/mnt/c/Users/robin/Documents/WEBOTS_SHIT/webots_ws/src/webots_ros2/webots_ros2_turtlebot/install/webots_ros2_turtlebot/lib/python3.12/site-packages/webots_ros2_turtlebot/plugin_example.py
/mnt/c/Users/robin/Documents/WEBOTS_SHIT/webots_ws/src/webots_ros2/webots_ros2_turtlebot/install/webots_ros2_turtlebot/lib/python3.12/site-packages/webots_ros2_turtlebot/__init__.py
/mnt/c/Users/robin/Documents/WEBOTS_SHIT/webots_ws/src/webots_ros2/webots_ros2_turtlebot/install/webots_ros2_turtlebot/lib/python3.12/site-packages/webots_ros2_turtlebot/__pycache__/plugin_example.cpython-312.pyc
/mnt/c/Users/robin/Documents/WEBOTS_SHIT/webots_ws/src/webots_ros2/webots_ros2_turtlebot/install/webots_ros2_turtlebot/lib/python3.12/site-packages/webots_ros2_turtlebot/__pycache__/__init__.cpython-312.pyc
/mnt/c/Users/robin/Documents/WEBOTS_SHIT/webots_ws/src/webots_ros2/webots_ros2_turtlebot/install/webots_ros2_turtlebot/share/ament_index/resource_index/packages/webots_ros2_turtlebot
/mnt/c/Users/robin/Documents/WEBOTS_SHIT/webots_ws/src/webots_ros2/webots_ros2_turtlebot/install/webots_ros2_turtlebot/share/webots_ros2_turtlebot/launch/robot_launch.py
/mnt/c/Users/robin/Documents/WEBOTS_SHIT/webots_ws/src/webots_ros2/webots_ros2_turtlebot/install/webots_ros2_turtlebot/share/webots_ros2_turtlebot/resource/turtlebot3_burger_example_map.pgm
/mnt/c/Users/robin/Documents/WEBOTS_SHIT/webots_ws/src/webots_ros2/webots_ros2_turtlebot/install/webots_ros2_turtlebot/share/webots_ros2_turtlebot/resource/turtlebot3_burger_example_map.yaml
/mnt/c/Users/robin/Documents/WEBOTS_SHIT/webots_ws/src/webots_ros2/webots_ros2_turtlebot/install/webots_ros2_turtlebot/share/webots_ros2_turtlebot/resource/turtlebot_webots.urdf
/mnt/c/Users/robin/Documents/WEBOTS_SHIT/webots_ws/src/webots_ros2/webots_ros2_turtlebot/install/webots_ros2_turtlebot/share/webots_ros2_turtlebot/resource/ros2control.yml
/mnt/c/Users/robin/Documents/WEBOTS_SHIT/webots_ws/src/webots_ros2/webots_ros2_turtlebot/install/webots_ros2_turtlebot/share/webots_ros2_turtlebot/resource/nav2_params.yaml
/mnt/c/Users/robin/Documents/WEBOTS_SHIT/webots_ws/src/webots_ros2/webots_ros2_turtlebot/install/webots_ros2_turtlebot/share/webots_ros2_turtlebot/worlds/turtlebot3_burger_example.wbt
/mnt/c/Users/robin/Documents/WEBOTS_SHIT/webots_ws/src/webots_ros2/webots_ros2_turtlebot/install/webots_ros2_turtlebot/share/webots_ros2_turtlebot/worlds/.turtlebot3_burger_example.wbproj
/mnt/c/Users/robin/Documents/WEBOTS_SHIT/webots_ws/src/webots_ros2/webots_ros2_turtlebot/install/webots_ros2_turtlebot/share/webots_ros2_turtlebot/package.xml
/mnt/c/Users/robin/Documents/WEBOTS_SHIT/webots_ws/src/webots_ros2/webots_ros2_turtlebot/install/webots_ros2_turtlebot/lib/python3.12/site-packages/webots_ros2_turtlebot-2025.0.1-py3.12.egg-info/dependency_links.txt
/mnt/c/Users/robin/Documents/WEBOTS_SHIT/webots_ws/src/webots_ros2/webots_ros2_turtlebot/install/webots_ros2_turtlebot/lib/python3.12/site-packages/webots_ros2_turtlebot-2025.0.1-py3.12.egg-info/entry_points.txt
/mnt/c/Users/robin/Documents/WEBOTS_SHIT/webots_ws/src/webots_ros2/webots_ros2_turtlebot/install/webots_ros2_turtlebot/lib/python3.12/site-packages/webots_ros2_turtlebot-2025.0.1-py3.12.egg-info/PKG-INFO
/mnt/c/Users/robin/Documents/WEBOTS_SHIT/webots_ws/src/webots_ros2/webots_ros2_turtlebot/install/webots_ros2_turtlebot/lib/python3.12/site-packages/webots_ros2_turtlebot-2025.0.1-py3.12.egg-info/requires.txt
/mnt/c/Users/robin/Documents/WEBOTS_SHIT/webots_ws/src/webots_ros2/webots_ros2_turtlebot/install/webots_ros2_turtlebot/lib/python3.12/site-packages/webots_ros2_turtlebot-2025.0.1-py3.12.egg-info/SOURCES.txt
/mnt/c/Users/robin/Documents/WEBOTS_SHIT/webots_ws/src/webots_ros2/webots_ros2_turtlebot/install/webots_ros2_turtlebot/lib/python3.12/site-packages/webots_ros2_turtlebot-2025.0.1-py3.12.egg-info/top_level.txt
/mnt/c/Users/robin/Documents/WEBOTS_SHIT/webots_ws/src/webots_ros2/webots_ros2_turtlebot/install/webots_ros2_turtlebot/lib/python3.12/site-packages/webots_ros2_turtlebot-2025.0.1-py3.12.egg-info/zip-safe
