running egg_info
creating build/webots_ros2_turtlebot/webots_ros2_turtlebot.egg-info
writing build/webots_ros2_turtlebot/webots_ros2_turtlebot.egg-info/PKG-INFO
writing dependency_links to build/webots_ros2_turtlebot/webots_ros2_turtlebot.egg-info/dependency_links.txt
writing entry points to build/webots_ros2_turtlebot/webots_ros2_turtlebot.egg-info/entry_points.txt
writing requirements to build/webots_ros2_turtlebot/webots_ros2_turtlebot.egg-info/requires.txt
writing top-level names to build/webots_ros2_turtlebot/webots_ros2_turtlebot.egg-info/top_level.txt
writing manifest file 'build/webots_ros2_turtlebot/webots_ros2_turtlebot.egg-info/SOURCES.txt'
reading manifest file 'build/webots_ros2_turtlebot/webots_ros2_turtlebot.egg-info/SOURCES.txt'
writing manifest file 'build/webots_ros2_turtlebot/webots_ros2_turtlebot.egg-info/SOURCES.txt'
running build
running build_py
creating /mnt/c/Users/robin/Documents/WEBOTS_SHIT/webots_ros2/webots_ros2_turtlebot/build/webots_ros2_turtlebot/build
creating /mnt/c/Users/robin/Documents/WEBOTS_SHIT/webots_ros2/webots_ros2_turtlebot/build/webots_ros2_turtlebot/build/lib
creating /mnt/c/Users/robin/Documents/WEBOTS_SHIT/webots_ros2/webots_ros2_turtlebot/build/webots_ros2_turtlebot/build/lib/webots_ros2_turtlebot
copying webots_ros2_turtlebot/plugin_example.py -> /mnt/c/Users/robin/Documents/WEBOTS_SHIT/webots_ros2/webots_ros2_turtlebot/build/webots_ros2_turtlebot/build/lib/webots_ros2_turtlebot
copying webots_ros2_turtlebot/__init__.py -> /mnt/c/Users/robin/Documents/WEBOTS_SHIT/webots_ros2/webots_ros2_turtlebot/build/webots_ros2_turtlebot/build/lib/webots_ros2_turtlebot
running install
running install_lib
creating /mnt/c/Users/robin/Documents/WEBOTS_SHIT/webots_ros2/webots_ros2_turtlebot/install/webots_ros2_turtlebot/lib/python3.12/site-packages/webots_ros2_turtlebot
copying /mnt/c/Users/robin/Documents/WEBOTS_SHIT/webots_ros2/webots_ros2_turtlebot/build/webots_ros2_turtlebot/build/lib/webots_ros2_turtlebot/plugin_example.py -> /mnt/c/Users/robin/Documents/WEBOTS_SHIT/webots_ros2/webots_ros2_turtlebot/install/webots_ros2_turtlebot/lib/python3.12/site-packages/webots_ros2_turtlebot
copying /mnt/c/Users/robin/Documents/WEBOTS_SHIT/webots_ros2/webots_ros2_turtlebot/build/webots_ros2_turtlebot/build/lib/webots_ros2_turtlebot/__init__.py -> /mnt/c/Users/robin/Documents/WEBOTS_SHIT/webots_ros2/webots_ros2_turtlebot/install/webots_ros2_turtlebot/lib/python3.12/site-packages/webots_ros2_turtlebot
byte-compiling /mnt/c/Users/robin/Documents/WEBOTS_SHIT/webots_ros2/webots_ros2_turtlebot/install/webots_ros2_turtlebot/lib/python3.12/site-packages/webots_ros2_turtlebot/plugin_example.py to plugin_example.cpython-312.pyc
byte-compiling /mnt/c/Users/robin/Documents/WEBOTS_SHIT/webots_ros2/webots_ros2_turtlebot/install/webots_ros2_turtlebot/lib/python3.12/site-packages/webots_ros2_turtlebot/__init__.py to __init__.cpython-312.pyc
running install_data
creating /mnt/c/Users/robin/Documents/WEBOTS_SHIT/webots_ros2/webots_ros2_turtlebot/install/webots_ros2_turtlebot/share/ament_index
creating /mnt/c/Users/robin/Documents/WEBOTS_SHIT/webots_ros2/webots_ros2_turtlebot/install/webots_ros2_turtlebot/share/ament_index/resource_index
creating /mnt/c/Users/robin/Documents/WEBOTS_SHIT/webots_ros2/webots_ros2_turtlebot/install/webots_ros2_turtlebot/share/ament_index/resource_index/packages
copying resource/webots_ros2_turtlebot -> /mnt/c/Users/robin/Documents/WEBOTS_SHIT/webots_ros2/webots_ros2_turtlebot/install/webots_ros2_turtlebot/share/ament_index/resource_index/packages
creating /mnt/c/Users/robin/Documents/WEBOTS_SHIT/webots_ros2/webots_ros2_turtlebot/install/webots_ros2_turtlebot/share/webots_ros2_turtlebot/launch
copying launch/robot_launch.py -> /mnt/c/Users/robin/Documents/WEBOTS_SHIT/webots_ros2/webots_ros2_turtlebot/install/webots_ros2_turtlebot/share/webots_ros2_turtlebot/launch
creating /mnt/c/Users/robin/Documents/WEBOTS_SHIT/webots_ros2/webots_ros2_turtlebot/install/webots_ros2_turtlebot/share/webots_ros2_turtlebot/resource
copying resource/turtlebot3_burger_example_map.pgm -> /mnt/c/Users/robin/Documents/WEBOTS_SHIT/webots_ros2/webots_ros2_turtlebot/install/webots_ros2_turtlebot/share/webots_ros2_turtlebot/resource
copying resource/turtlebot3_burger_example_map.yaml -> /mnt/c/Users/robin/Documents/WEBOTS_SHIT/webots_ros2/webots_ros2_turtlebot/install/webots_ros2_turtlebot/share/webots_ros2_turtlebot/resource
copying resource/turtlebot_webots.urdf -> /mnt/c/Users/robin/Documents/WEBOTS_SHIT/webots_ros2/webots_ros2_turtlebot/install/webots_ros2_turtlebot/share/webots_ros2_turtlebot/resource
copying resource/ros2control.yml -> /mnt/c/Users/robin/Documents/WEBOTS_SHIT/webots_ros2/webots_ros2_turtlebot/install/webots_ros2_turtlebot/share/webots_ros2_turtlebot/resource
copying resource/nav2_params.yaml -> /mnt/c/Users/robin/Documents/WEBOTS_SHIT/webots_ros2/webots_ros2_turtlebot/install/webots_ros2_turtlebot/share/webots_ros2_turtlebot/resource
creating /mnt/c/Users/robin/Documents/WEBOTS_SHIT/webots_ros2/webots_ros2_turtlebot/install/webots_ros2_turtlebot/share/webots_ros2_turtlebot/worlds
copying worlds/turtlebot3_burger_example.wbt -> /mnt/c/Users/robin/Documents/WEBOTS_SHIT/webots_ros2/webots_ros2_turtlebot/install/webots_ros2_turtlebot/share/webots_ros2_turtlebot/worlds
copying worlds/.turtlebot3_burger_example.wbproj -> /mnt/c/Users/robin/Documents/WEBOTS_SHIT/webots_ros2/webots_ros2_turtlebot/install/webots_ros2_turtlebot/share/webots_ros2_turtlebot/worlds
copying package.xml -> /mnt/c/Users/robin/Documents/WEBOTS_SHIT/webots_ros2/webots_ros2_turtlebot/install/webots_ros2_turtlebot/share/webots_ros2_turtlebot
running install_egg_info
Copying build/webots_ros2_turtlebot/webots_ros2_turtlebot.egg-info to /mnt/c/Users/robin/Documents/WEBOTS_SHIT/webots_ros2/webots_ros2_turtlebot/install/webots_ros2_turtlebot/lib/python3.12/site-packages/webots_ros2_turtlebot-2025.0.1-py3.12.egg-info
running install_scripts
writing list of installed files to '/mnt/c/Users/robin/Documents/WEBOTS_SHIT/webots_ros2/webots_ros2_turtlebot/build/webots_ros2_turtlebot/install.log'
