[2.491s] Invoking command in '/mnt/c/Users/robin/Documents/WEBOTS_SHIT/webots_ros2/webots_ros2_turtlebot': PYTHONPATH=/mnt/c/Users/robin/Documents/WEBOTS_SHIT/webots_ros2/webots_ros2_turtlebot/build/webots_ros2_turtlebot/prefix_override:/usr/lib/python3/dist-packages/colcon_core/task/python/colcon_distutils_commands:/mnt/c/Users/robin/Documents/WEBOTS_SHIT/webots_ros2/webots_ros2_turtlebot/install/webots_ros2_turtlebot/lib/python3.12/site-packages:${PYTHONPATH} /usr/bin/python3 -W ignore:setup.py install is deprecated -W ignore:easy_install command is deprecated setup.py egg_info --egg-base build/webots_ros2_turtlebot build --build-base /mnt/c/Users/robin/Documents/WEBOTS_SHIT/webots_ros2/webots_ros2_turtlebot/build/webots_ros2_turtlebot/build install --record /mnt/c/Users/robin/Documents/WEBOTS_SHIT/webots_ros2/webots_ros2_turtlebot/build/webots_ros2_turtlebot/install.log --single-version-externally-managed install_data
[3.405s] running egg_info
[3.413s] creating build/webots_ros2_turtlebot/webots_ros2_turtlebot.egg-info
[3.454s] writing build/webots_ros2_turtlebot/webots_ros2_turtlebot.egg-info/PKG-INFO
[3.468s] writing dependency_links to build/webots_ros2_turtlebot/webots_ros2_turtlebot.egg-info/dependency_links.txt
[3.474s] writing entry points to build/webots_ros2_turtlebot/webots_ros2_turtlebot.egg-info/entry_points.txt
[3.481s] writing requirements to build/webots_ros2_turtlebot/webots_ros2_turtlebot.egg-info/requires.txt
[3.485s] writing top-level names to build/webots_ros2_turtlebot/webots_ros2_turtlebot.egg-info/top_level.txt
[3.494s] writing manifest file 'build/webots_ros2_turtlebot/webots_ros2_turtlebot.egg-info/SOURCES.txt'
[3.621s] reading manifest file 'build/webots_ros2_turtlebot/webots_ros2_turtlebot.egg-info/SOURCES.txt'
[3.691s] writing manifest file 'build/webots_ros2_turtlebot/webots_ros2_turtlebot.egg-info/SOURCES.txt'
[3.695s] running build
[3.696s] running build_py
[3.702s] creating /mnt/c/Users/robin/Documents/WEBOTS_SHIT/webots_ros2/webots_ros2_turtlebot/build/webots_ros2_turtlebot/build
[3.704s] creating /mnt/c/Users/robin/Documents/WEBOTS_SHIT/webots_ros2/webots_ros2_turtlebot/build/webots_ros2_turtlebot/build/lib
[3.707s] creating /mnt/c/Users/robin/Documents/WEBOTS_SHIT/webots_ros2/webots_ros2_turtlebot/build/webots_ros2_turtlebot/build/lib/webots_ros2_turtlebot
[3.718s] copying webots_ros2_turtlebot/plugin_example.py -> /mnt/c/Users/robin/Documents/WEBOTS_SHIT/webots_ros2/webots_ros2_turtlebot/build/webots_ros2_turtlebot/build/lib/webots_ros2_turtlebot
[3.741s] copying webots_ros2_turtlebot/__init__.py -> /mnt/c/Users/robin/Documents/WEBOTS_SHIT/webots_ros2/webots_ros2_turtlebot/build/webots_ros2_turtlebot/build/lib/webots_ros2_turtlebot
[3.758s] running install
[3.769s] running install_lib
[3.827s] creating /mnt/c/Users/robin/Documents/WEBOTS_SHIT/webots_ros2/webots_ros2_turtlebot/install/webots_ros2_turtlebot/lib/python3.12/site-packages/webots_ros2_turtlebot
[3.845s] copying /mnt/c/Users/robin/Documents/WEBOTS_SHIT/webots_ros2/webots_ros2_turtlebot/build/webots_ros2_turtlebot/build/lib/webots_ros2_turtlebot/plugin_example.py -> /mnt/c/Users/robin/Documents/WEBOTS_SHIT/webots_ros2/webots_ros2_turtlebot/install/webots_ros2_turtlebot/lib/python3.12/site-packages/webots_ros2_turtlebot
[3.885s] copying /mnt/c/Users/robin/Documents/WEBOTS_SHIT/webots_ros2/webots_ros2_turtlebot/build/webots_ros2_turtlebot/build/lib/webots_ros2_turtlebot/__init__.py -> /mnt/c/Users/robin/Documents/WEBOTS_SHIT/webots_ros2/webots_ros2_turtlebot/install/webots_ros2_turtlebot/lib/python3.12/site-packages/webots_ros2_turtlebot
[3.924s] byte-compiling /mnt/c/Users/robin/Documents/WEBOTS_SHIT/webots_ros2/webots_ros2_turtlebot/install/webots_ros2_turtlebot/lib/python3.12/site-packages/webots_ros2_turtlebot/plugin_example.py to plugin_example.cpython-312.pyc
[3.965s] byte-compiling /mnt/c/Users/robin/Documents/WEBOTS_SHIT/webots_ros2/webots_ros2_turtlebot/install/webots_ros2_turtlebot/lib/python3.12/site-packages/webots_ros2_turtlebot/__init__.py to __init__.cpython-312.pyc
[3.998s] running install_data
[4.005s] creating /mnt/c/Users/robin/Documents/WEBOTS_SHIT/webots_ros2/webots_ros2_turtlebot/install/webots_ros2_turtlebot/share/ament_index
[4.008s] creating /mnt/c/Users/robin/Documents/WEBOTS_SHIT/webots_ros2/webots_ros2_turtlebot/install/webots_ros2_turtlebot/share/ament_index/resource_index
[4.010s] creating /mnt/c/Users/robin/Documents/WEBOTS_SHIT/webots_ros2/webots_ros2_turtlebot/install/webots_ros2_turtlebot/share/ament_index/resource_index/packages
[4.020s] copying resource/webots_ros2_turtlebot -> /mnt/c/Users/robin/Documents/WEBOTS_SHIT/webots_ros2/webots_ros2_turtlebot/install/webots_ros2_turtlebot/share/ament_index/resource_index/packages
[4.040s] creating /mnt/c/Users/robin/Documents/WEBOTS_SHIT/webots_ros2/webots_ros2_turtlebot/install/webots_ros2_turtlebot/share/webots_ros2_turtlebot/launch
[4.051s] copying launch/robot_launch.py -> /mnt/c/Users/robin/Documents/WEBOTS_SHIT/webots_ros2/webots_ros2_turtlebot/install/webots_ros2_turtlebot/share/webots_ros2_turtlebot/launch
[4.075s] creating /mnt/c/Users/robin/Documents/WEBOTS_SHIT/webots_ros2/webots_ros2_turtlebot/install/webots_ros2_turtlebot/share/webots_ros2_turtlebot/resource
[4.090s] copying resource/turtlebot3_burger_example_map.pgm -> /mnt/c/Users/robin/Documents/WEBOTS_SHIT/webots_ros2/webots_ros2_turtlebot/install/webots_ros2_turtlebot/share/webots_ros2_turtlebot/resource
[4.126s] copying resource/turtlebot3_burger_example_map.yaml -> /mnt/c/Users/robin/Documents/WEBOTS_SHIT/webots_ros2/webots_ros2_turtlebot/install/webots_ros2_turtlebot/share/webots_ros2_turtlebot/resource
[4.156s] copying resource/turtlebot_webots.urdf -> /mnt/c/Users/robin/Documents/WEBOTS_SHIT/webots_ros2/webots_ros2_turtlebot/install/webots_ros2_turtlebot/share/webots_ros2_turtlebot/resource
[4.211s] copying resource/ros2control.yml -> /mnt/c/Users/robin/Documents/WEBOTS_SHIT/webots_ros2/webots_ros2_turtlebot/install/webots_ros2_turtlebot/share/webots_ros2_turtlebot/resource
[4.255s] copying resource/nav2_params.yaml -> /mnt/c/Users/robin/Documents/WEBOTS_SHIT/webots_ros2/webots_ros2_turtlebot/install/webots_ros2_turtlebot/share/webots_ros2_turtlebot/resource
[4.305s] creating /mnt/c/Users/robin/Documents/WEBOTS_SHIT/webots_ros2/webots_ros2_turtlebot/install/webots_ros2_turtlebot/share/webots_ros2_turtlebot/worlds
[4.319s] copying worlds/turtlebot3_burger_example.wbt -> /mnt/c/Users/robin/Documents/WEBOTS_SHIT/webots_ros2/webots_ros2_turtlebot/install/webots_ros2_turtlebot/share/webots_ros2_turtlebot/worlds
[4.343s] copying worlds/.turtlebot3_burger_example.wbproj -> /mnt/c/Users/robin/Documents/WEBOTS_SHIT/webots_ros2/webots_ros2_turtlebot/install/webots_ros2_turtlebot/share/webots_ros2_turtlebot/worlds
[4.367s] copying package.xml -> /mnt/c/Users/robin/Documents/WEBOTS_SHIT/webots_ros2/webots_ros2_turtlebot/install/webots_ros2_turtlebot/share/webots_ros2_turtlebot
[4.382s] running install_egg_info
[4.452s] Copying build/webots_ros2_turtlebot/webots_ros2_turtlebot.egg-info to /mnt/c/Users/robin/Documents/WEBOTS_SHIT/webots_ros2/webots_ros2_turtlebot/install/webots_ros2_turtlebot/lib/python3.12/site-packages/webots_ros2_turtlebot-2025.0.1-py3.12.egg-info
[4.794s] running install_scripts
[5.292s] writing list of installed files to '/mnt/c/Users/robin/Documents/WEBOTS_SHIT/webots_ros2/webots_ros2_turtlebot/build/webots_ros2_turtlebot/install.log'
[5.337s] Invoked command in '/mnt/c/Users/robin/Documents/WEBOTS_SHIT/webots_ros2/webots_ros2_turtlebot' returned '0': PYTHONPATH=/mnt/c/Users/robin/Documents/WEBOTS_SHIT/webots_ros2/webots_ros2_turtlebot/build/webots_ros2_turtlebot/prefix_override:/usr/lib/python3/dist-packages/colcon_core/task/python/colcon_distutils_commands:/mnt/c/Users/robin/Documents/WEBOTS_SHIT/webots_ros2/webots_ros2_turtlebot/install/webots_ros2_turtlebot/lib/python3.12/site-packages:${PYTHONPATH} /usr/bin/python3 -W ignore:setup.py install is deprecated -W ignore:easy_install command is deprecated setup.py egg_info --egg-base build/webots_ros2_turtlebot build --build-base /mnt/c/Users/robin/Documents/WEBOTS_SHIT/webots_ros2/webots_ros2_turtlebot/build/webots_ros2_turtlebot/build install --record /mnt/c/Users/robin/Documents/WEBOTS_SHIT/webots_ros2/webots_ros2_turtlebot/build/webots_ros2_turtlebot/install.log --single-version-externally-managed install_data
