running egg_info
creating build/webots_ros2_my_robot/webots_ros2_my_robot.egg-info
writing build/webots_ros2_my_robot/webots_ros2_my_robot.egg-info/PKG-INFO
writing dependency_links to build/webots_ros2_my_robot/webots_ros2_my_robot.egg-info/dependency_links.txt
writing entry points to build/webots_ros2_my_robot/webots_ros2_my_robot.egg-info/entry_points.txt
writing top-level names to build/webots_ros2_my_robot/webots_ros2_my_robot.egg-info/top_level.txt
writing manifest file 'build/webots_ros2_my_robot/webots_ros2_my_robot.egg-info/SOURCES.txt'
reading manifest file 'build/webots_ros2_my_robot/webots_ros2_my_robot.egg-info/SOURCES.txt'
writing manifest file 'build/webots_ros2_my_robot/webots_ros2_my_robot.egg-info/SOURCES.txt'
running build
running build_py
creating /mnt/c/Users/robin/Documents/WEBOTS_SHIT/webots_ws/src/webots_ros2/webots_ros2_my_robot/build/webots_ros2_my_robot/build
creating /mnt/c/Users/robin/Documents/WEBOTS_SHIT/webots_ws/src/webots_ros2/webots_ros2_my_robot/build/webots_ros2_my_robot/build/lib
creating /mnt/c/Users/robin/Documents/WEBOTS_SHIT/webots_ws/src/webots_ros2/webots_ros2_my_robot/build/webots_ros2_my_robot/build/lib/webots_ros2_my_robot
copying webots_ros2_my_robot/__init__.py -> /mnt/c/Users/robin/Documents/WEBOTS_SHIT/webots_ws/src/webots_ros2/webots_ros2_my_robot/build/webots_ros2_my_robot/build/lib/webots_ros2_my_robot
creating /mnt/c/Users/robin/Documents/WEBOTS_SHIT/webots_ws/src/webots_ros2/webots_ros2_my_robot/build/webots_ros2_my_robot/build/lib/webots_ros2_my_robot/my_robot_driver
copying webots_ros2_my_robot/my_robot_driver/my_robot_driver.py -> /mnt/c/Users/robin/Documents/WEBOTS_SHIT/webots_ws/src/webots_ros2/webots_ros2_my_robot/build/webots_ros2_my_robot/build/lib/webots_ros2_my_robot/my_robot_driver
running install
running install_lib
creating /mnt/c/Users/robin/Documents/WEBOTS_SHIT/webots_ws/src/webots_ros2/webots_ros2_my_robot/install/webots_ros2_my_robot/lib/python3.12/site-packages/webots_ros2_my_robot
creating /mnt/c/Users/robin/Documents/WEBOTS_SHIT/webots_ws/src/webots_ros2/webots_ros2_my_robot/install/webots_ros2_my_robot/lib/python3.12/site-packages/webots_ros2_my_robot/my_robot_driver
copying /mnt/c/Users/robin/Documents/WEBOTS_SHIT/webots_ws/src/webots_ros2/webots_ros2_my_robot/build/webots_ros2_my_robot/build/lib/webots_ros2_my_robot/my_robot_driver/my_robot_driver.py -> /mnt/c/Users/robin/Documents/WEBOTS_SHIT/webots_ws/src/webots_ros2/webots_ros2_my_robot/install/webots_ros2_my_robot/lib/python3.12/site-packages/webots_ros2_my_robot/my_robot_driver
copying /mnt/c/Users/robin/Documents/WEBOTS_SHIT/webots_ws/src/webots_ros2/webots_ros2_my_robot/build/webots_ros2_my_robot/build/lib/webots_ros2_my_robot/__init__.py -> /mnt/c/Users/robin/Documents/WEBOTS_SHIT/webots_ws/src/webots_ros2/webots_ros2_my_robot/install/webots_ros2_my_robot/lib/python3.12/site-packages/webots_ros2_my_robot
byte-compiling /mnt/c/Users/robin/Documents/WEBOTS_SHIT/webots_ws/src/webots_ros2/webots_ros2_my_robot/install/webots_ros2_my_robot/lib/python3.12/site-packages/webots_ros2_my_robot/my_robot_driver/my_robot_driver.py to my_robot_driver.cpython-312.pyc
byte-compiling /mnt/c/Users/robin/Documents/WEBOTS_SHIT/webots_ws/src/webots_ros2/webots_ros2_my_robot/install/webots_ros2_my_robot/lib/python3.12/site-packages/webots_ros2_my_robot/__init__.py to __init__.cpython-312.pyc
running install_data
creating /mnt/c/Users/robin/Documents/WEBOTS_SHIT/webots_ws/src/webots_ros2/webots_ros2_my_robot/install/webots_ros2_my_robot/share/ament_index
creating /mnt/c/Users/robin/Documents/WEBOTS_SHIT/webots_ws/src/webots_ros2/webots_ros2_my_robot/install/webots_ros2_my_robot/share/ament_index/resource_index
creating /mnt/c/Users/robin/Documents/WEBOTS_SHIT/webots_ws/src/webots_ros2/webots_ros2_my_robot/install/webots_ros2_my_robot/share/ament_index/resource_index/packages
copying resource/webots_ros2_my_robot -> /mnt/c/Users/robin/Documents/WEBOTS_SHIT/webots_ws/src/webots_ros2/webots_ros2_my_robot/install/webots_ros2_my_robot/share/ament_index/resource_index/packages
copying package.xml -> /mnt/c/Users/robin/Documents/WEBOTS_SHIT/webots_ws/src/webots_ros2/webots_ros2_my_robot/install/webots_ros2_my_robot/share/webots_ros2_my_robot
creating /mnt/c/Users/robin/Documents/WEBOTS_SHIT/webots_ws/src/webots_ros2/webots_ros2_my_robot/install/webots_ros2_my_robot/share/webots_ros2_my_robot/launch
copying launch/my_robot_launch.py -> /mnt/c/Users/robin/Documents/WEBOTS_SHIT/webots_ws/src/webots_ros2/webots_ros2_my_robot/install/webots_ros2_my_robot/share/webots_ros2_my_robot/launch
creating /mnt/c/Users/robin/Documents/WEBOTS_SHIT/webots_ws/src/webots_ros2/webots_ros2_my_robot/install/webots_ros2_my_robot/share/webots_ros2_my_robot/worlds
copying worlds/my_robot_world.wbt -> /mnt/c/Users/robin/Documents/WEBOTS_SHIT/webots_ws/src/webots_ros2/webots_ros2_my_robot/install/webots_ros2_my_robot/share/webots_ros2_my_robot/worlds
creating /mnt/c/Users/robin/Documents/WEBOTS_SHIT/webots_ws/src/webots_ros2/webots_ros2_my_robot/install/webots_ros2_my_robot/share/webots_ros2_my_robot/resource
copying resource/my_robot.urdf -> /mnt/c/Users/robin/Documents/WEBOTS_SHIT/webots_ws/src/webots_ros2/webots_ros2_my_robot/install/webots_ros2_my_robot/share/webots_ros2_my_robot/resource
creating /mnt/c/Users/robin/Documents/WEBOTS_SHIT/webots_ws/src/webots_ros2/webots_ros2_my_robot/install/webots_ros2_my_robot/share/webots_ros2_my_robot/protos
copying protos/MyRobotProto.proto -> /mnt/c/Users/robin/Documents/WEBOTS_SHIT/webots_ws/src/webots_ros2/webots_ros2_my_robot/install/webots_ros2_my_robot/share/webots_ros2_my_robot/protos
running install_egg_info
Copying build/webots_ros2_my_robot/webots_ros2_my_robot.egg-info to /mnt/c/Users/robin/Documents/WEBOTS_SHIT/webots_ws/src/webots_ros2/webots_ros2_my_robot/install/webots_ros2_my_robot/lib/python3.12/site-packages/webots_ros2_my_robot-0.0.1-py3.12.egg-info
running install_scripts
Installing my_robot_driver script to /mnt/c/Users/robin/Documents/WEBOTS_SHIT/webots_ws/src/webots_ros2/webots_ros2_my_robot/install/webots_ros2_my_robot/bin
writing list of installed files to '/mnt/c/Users/robin/Documents/WEBOTS_SHIT/webots_ws/src/webots_ros2/webots_ros2_my_robot/build/webots_ros2_my_robot/install.log'
