[2.809s] Invoking command in '/mnt/c/Users/robin/Documents/WEBOTS_SHIT/webots_ws/src/webots_ros2/webots_ros2_turtlebot': PYTHONPATH=/mnt/c/Users/robin/Documents/WEBOTS_SHIT/webots_ws/src/webots_ros2/webots_ros2_turtlebot/build/webots_ros2_turtlebot/prefix_override:/usr/lib/python3/dist-packages/colcon_core/task/python/colcon_distutils_commands:/mnt/c/Users/robin/Documents/WEBOTS_SHIT/webots_ws/src/webots_ros2/webots_ros2_turtlebot/install/webots_ros2_turtlebot/lib/python3.12/site-packages:${PYTHONPATH} /usr/bin/python3 -W ignore:setup.py install is deprecated -W ignore:easy_install command is deprecated setup.py egg_info --egg-base build/webots_ros2_turtlebot build --build-base /mnt/c/Users/robin/Documents/WEBOTS_SHIT/webots_ws/src/webots_ros2/webots_ros2_turtlebot/build/webots_ros2_turtlebot/build install --record /mnt/c/Users/robin/Documents/WEBOTS_SHIT/webots_ws/src/webots_ros2/webots_ros2_turtlebot/build/webots_ros2_turtlebot/install.log --single-version-externally-managed install_data
[4.792s] running egg_info
[4.798s] creating build/webots_ros2_turtlebot/webots_ros2_turtlebot.egg-info
[4.844s] writing build/webots_ros2_turtlebot/webots_ros2_turtlebot.egg-info/PKG-INFO
[4.859s] writing dependency_links to build/webots_ros2_turtlebot/webots_ros2_turtlebot.egg-info/dependency_links.txt
[4.868s] writing entry points to build/webots_ros2_turtlebot/webots_ros2_turtlebot.egg-info/entry_points.txt
[4.874s] writing requirements to build/webots_ros2_turtlebot/webots_ros2_turtlebot.egg-info/requires.txt
[4.881s] writing top-level names to build/webots_ros2_turtlebot/webots_ros2_turtlebot.egg-info/top_level.txt
[4.891s] writing manifest file 'build/webots_ros2_turtlebot/webots_ros2_turtlebot.egg-info/SOURCES.txt'
[5.028s] reading manifest file 'build/webots_ros2_turtlebot/webots_ros2_turtlebot.egg-info/SOURCES.txt'
[5.115s] writing manifest file 'build/webots_ros2_turtlebot/webots_ros2_turtlebot.egg-info/SOURCES.txt'
[5.121s] running build
[5.123s] running build_py
[5.130s] creating /mnt/c/Users/robin/Documents/WEBOTS_SHIT/webots_ws/src/webots_ros2/webots_ros2_turtlebot/build/webots_ros2_turtlebot/build
[5.133s] creating /mnt/c/Users/robin/Documents/WEBOTS_SHIT/webots_ws/src/webots_ros2/webots_ros2_turtlebot/build/webots_ros2_turtlebot/build/lib
[5.136s] creating /mnt/c/Users/robin/Documents/WEBOTS_SHIT/webots_ws/src/webots_ros2/webots_ros2_turtlebot/build/webots_ros2_turtlebot/build/lib/webots_ros2_turtlebot
[5.149s] copying webots_ros2_turtlebot/plugin_example.py -> /mnt/c/Users/robin/Documents/WEBOTS_SHIT/webots_ws/src/webots_ros2/webots_ros2_turtlebot/build/webots_ros2_turtlebot/build/lib/webots_ros2_turtlebot
[5.208s] copying webots_ros2_turtlebot/__init__.py -> /mnt/c/Users/robin/Documents/WEBOTS_SHIT/webots_ws/src/webots_ros2/webots_ros2_turtlebot/build/webots_ros2_turtlebot/build/lib/webots_ros2_turtlebot
[5.251s] running install
[5.266s] running install_lib
[5.333s] creating /mnt/c/Users/robin/Documents/WEBOTS_SHIT/webots_ws/src/webots_ros2/webots_ros2_turtlebot/install/webots_ros2_turtlebot/lib/python3.12/site-packages/webots_ros2_turtlebot
[5.361s] copying /mnt/c/Users/robin/Documents/WEBOTS_SHIT/webots_ws/src/webots_ros2/webots_ros2_turtlebot/build/webots_ros2_turtlebot/build/lib/webots_ros2_turtlebot/plugin_example.py -> /mnt/c/Users/robin/Documents/WEBOTS_SHIT/webots_ws/src/webots_ros2/webots_ros2_turtlebot/install/webots_ros2_turtlebot/lib/python3.12/site-packages/webots_ros2_turtlebot
[5.410s] copying /mnt/c/Users/robin/Documents/WEBOTS_SHIT/webots_ws/src/webots_ros2/webots_ros2_turtlebot/build/webots_ros2_turtlebot/build/lib/webots_ros2_turtlebot/__init__.py -> /mnt/c/Users/robin/Documents/WEBOTS_SHIT/webots_ws/src/webots_ros2/webots_ros2_turtlebot/install/webots_ros2_turtlebot/lib/python3.12/site-packages/webots_ros2_turtlebot
[5.460s] byte-compiling /mnt/c/Users/robin/Documents/WEBOTS_SHIT/webots_ws/src/webots_ros2/webots_ros2_turtlebot/install/webots_ros2_turtlebot/lib/python3.12/site-packages/webots_ros2_turtlebot/plugin_example.py to plugin_example.cpython-312.pyc
[5.517s] byte-compiling /mnt/c/Users/robin/Documents/WEBOTS_SHIT/webots_ws/src/webots_ros2/webots_ros2_turtlebot/install/webots_ros2_turtlebot/lib/python3.12/site-packages/webots_ros2_turtlebot/__init__.py to __init__.cpython-312.pyc
[5.564s] running install_data
[5.577s] creating /mnt/c/Users/robin/Documents/WEBOTS_SHIT/webots_ws/src/webots_ros2/webots_ros2_turtlebot/install/webots_ros2_turtlebot/share/ament_index
[5.580s] creating /mnt/c/Users/robin/Documents/WEBOTS_SHIT/webots_ws/src/webots_ros2/webots_ros2_turtlebot/install/webots_ros2_turtlebot/share/ament_index/resource_index
[5.585s] creating /mnt/c/Users/robin/Documents/WEBOTS_SHIT/webots_ws/src/webots_ros2/webots_ros2_turtlebot/install/webots_ros2_turtlebot/share/ament_index/resource_index/packages
[5.603s] copying resource/webots_ros2_turtlebot -> /mnt/c/Users/robin/Documents/WEBOTS_SHIT/webots_ws/src/webots_ros2/webots_ros2_turtlebot/install/webots_ros2_turtlebot/share/ament_index/resource_index/packages
[5.635s] creating /mnt/c/Users/robin/Documents/WEBOTS_SHIT/webots_ws/src/webots_ros2/webots_ros2_turtlebot/install/webots_ros2_turtlebot/share/webots_ros2_turtlebot/launch
[5.653s] copying launch/robot_launch.py -> /mnt/c/Users/robin/Documents/WEBOTS_SHIT/webots_ws/src/webots_ros2/webots_ros2_turtlebot/install/webots_ros2_turtlebot/share/webots_ros2_turtlebot/launch
[5.725s] creating /mnt/c/Users/robin/Documents/WEBOTS_SHIT/webots_ws/src/webots_ros2/webots_ros2_turtlebot/install/webots_ros2_turtlebot/share/webots_ros2_turtlebot/resource
[5.747s] copying resource/turtlebot3_burger_example_map.pgm -> /mnt/c/Users/robin/Documents/WEBOTS_SHIT/webots_ws/src/webots_ros2/webots_ros2_turtlebot/install/webots_ros2_turtlebot/share/webots_ros2_turtlebot/resource
[5.819s] copying resource/turtlebot3_burger_example_map.yaml -> /mnt/c/Users/robin/Documents/WEBOTS_SHIT/webots_ws/src/webots_ros2/webots_ros2_turtlebot/install/webots_ros2_turtlebot/share/webots_ros2_turtlebot/resource
[5.889s] copying resource/turtlebot_webots.urdf -> /mnt/c/Users/robin/Documents/WEBOTS_SHIT/webots_ws/src/webots_ros2/webots_ros2_turtlebot/install/webots_ros2_turtlebot/share/webots_ros2_turtlebot/resource
[5.952s] copying resource/ros2control.yml -> /mnt/c/Users/robin/Documents/WEBOTS_SHIT/webots_ws/src/webots_ros2/webots_ros2_turtlebot/install/webots_ros2_turtlebot/share/webots_ros2_turtlebot/resource
[6.003s] copying resource/nav2_params.yaml -> /mnt/c/Users/robin/Documents/WEBOTS_SHIT/webots_ws/src/webots_ros2/webots_ros2_turtlebot/install/webots_ros2_turtlebot/share/webots_ros2_turtlebot/resource
[6.059s] creating /mnt/c/Users/robin/Documents/WEBOTS_SHIT/webots_ws/src/webots_ros2/webots_ros2_turtlebot/install/webots_ros2_turtlebot/share/webots_ros2_turtlebot/worlds
[6.073s] copying worlds/turtlebot3_burger_example.wbt -> /mnt/c/Users/robin/Documents/WEBOTS_SHIT/webots_ws/src/webots_ros2/webots_ros2_turtlebot/install/webots_ros2_turtlebot/share/webots_ros2_turtlebot/worlds
[6.173s] copying worlds/.turtlebot3_burger_example.wbproj -> /mnt/c/Users/robin/Documents/WEBOTS_SHIT/webots_ws/src/webots_ros2/webots_ros2_turtlebot/install/webots_ros2_turtlebot/share/webots_ros2_turtlebot/worlds
[6.238s] copying package.xml -> /mnt/c/Users/robin/Documents/WEBOTS_SHIT/webots_ws/src/webots_ros2/webots_ros2_turtlebot/install/webots_ros2_turtlebot/share/webots_ros2_turtlebot
[6.256s] running install_egg_info
[6.319s] Copying build/webots_ros2_turtlebot/webots_ros2_turtlebot.egg-info to /mnt/c/Users/robin/Documents/WEBOTS_SHIT/webots_ws/src/webots_ros2/webots_ros2_turtlebot/install/webots_ros2_turtlebot/lib/python3.12/site-packages/webots_ros2_turtlebot-2025.0.1-py3.12.egg-info
[6.706s] running install_scripts
[7.109s] writing list of installed files to '/mnt/c/Users/robin/Documents/WEBOTS_SHIT/webots_ws/src/webots_ros2/webots_ros2_turtlebot/build/webots_ros2_turtlebot/install.log'
[7.150s] Invoked command in '/mnt/c/Users/robin/Documents/WEBOTS_SHIT/webots_ws/src/webots_ros2/webots_ros2_turtlebot' returned '0': PYTHONPATH=/mnt/c/Users/robin/Documents/WEBOTS_SHIT/webots_ws/src/webots_ros2/webots_ros2_turtlebot/build/webots_ros2_turtlebot/prefix_override:/usr/lib/python3/dist-packages/colcon_core/task/python/colcon_distutils_commands:/mnt/c/Users/robin/Documents/WEBOTS_SHIT/webots_ws/src/webots_ros2/webots_ros2_turtlebot/install/webots_ros2_turtlebot/lib/python3.12/site-packages:${PYTHONPATH} /usr/bin/python3 -W ignore:setup.py install is deprecated -W ignore:easy_install command is deprecated setup.py egg_info --egg-base build/webots_ros2_turtlebot build --build-base /mnt/c/Users/robin/Documents/WEBOTS_SHIT/webots_ws/src/webots_ros2/webots_ros2_turtlebot/build/webots_ros2_turtlebot/build install --record /mnt/c/Users/robin/Documents/WEBOTS_SHIT/webots_ws/src/webots_ros2/webots_ros2_turtlebot/build/webots_ros2_turtlebot/install.log --single-version-externally-managed install_data
