[0.413s] DEBUG:colcon:Command line arguments: ['/usr/bin/colcon', 'build']
[0.413s] DEBUG:colcon:Parsed command line arguments: Namespace(log_base=None, log_level=None, verb_name='build', build_base='build', install_base='install', merge_install=False, symlink_install=False, test_result_base=None, continue_on_error=False, executor='parallel', parallel_workers=8, event_handlers=None, ignore_user_meta=False, metas=['./colcon.meta'], base_paths=['.'], packages_ignore=None, packages_ignore_regex=None, paths=None, packages_up_to=None, packages_up_to_regex=None, packages_above=None, packages_above_and_dependencies=None, packages_above_depth=None, packages_select_by_dep=None, packages_skip_by_dep=None, packages_skip_up_to=None, packages_select_build_failed=False, packages_skip_build_finished=False, packages_select_test_failures=False, packages_skip_test_passed=False, packages_select=None, packages_skip=None, packages_select_regex=None, packages_skip_regex=None, packages_start=None, packages_end=None, allow_overriding=[], cmake_args=None, cmake_target=None, cmake_target_skip_unavailable=False, cmake_clean_cache=False, cmake_clean_first=False, cmake_force_configure=False, ament_cmake_args=None, catkin_cmake_args=None, catkin_skip_building_tests=False, mixin_files=None, mixin=None, verb_parser=<colcon_mixin.mixin.mixin_argument.MixinArgumentDecorator object at 0x71bae729c740>, verb_extension=<colcon_core.verb.build.BuildVerb object at 0x71bae729c470>, main=<bound method BuildVerb.main of <colcon_core.verb.build.BuildVerb object at 0x71bae729c470>>, mixin_verb=('build',))
[0.460s] Level 1:colcon.colcon_core.package_discovery:discover_packages(colcon_meta) check parameters
[0.461s] Level 1:colcon.colcon_core.package_discovery:discover_packages(recursive) check parameters
[0.462s] Level 1:colcon.colcon_core.package_discovery:discover_packages(ignore) check parameters
[0.462s] Level 1:colcon.colcon_core.package_discovery:discover_packages(path) check parameters
[0.463s] Level 1:colcon.colcon_core.package_discovery:discover_packages(colcon_meta) discover
[0.463s] Level 1:colcon.colcon_core.package_discovery:discover_packages(recursive) discover
[0.464s] INFO:colcon.colcon_core.package_discovery:Crawling recursively for packages in '/mnt/c/Users/robin/Documents/WEBOTS_SHIT/webots_ws/src/webots_ros2/webots_ros2_turtlebot'
[0.469s] Level 1:colcon.colcon_core.package_identification:_identify(.) by extensions ['ignore', 'ignore_ament_install']
[0.469s] Level 1:colcon.colcon_core.package_identification:_identify(.) by extension 'ignore'
[0.470s] Level 1:colcon.colcon_core.package_identification:_identify(.) by extension 'ignore_ament_install'
[0.472s] Level 1:colcon.colcon_core.package_identification:_identify(.) by extensions ['colcon_pkg']
[0.472s] Level 1:colcon.colcon_core.package_identification:_identify(.) by extension 'colcon_pkg'
[0.472s] Level 1:colcon.colcon_core.package_identification:_identify(.) by extensions ['colcon_meta']
[0.472s] Level 1:colcon.colcon_core.package_identification:_identify(.) by extension 'colcon_meta'
[0.473s] Level 1:colcon.colcon_core.package_identification:_identify(.) by extensions ['ros']
[0.473s] Level 1:colcon.colcon_core.package_identification:_identify(.) by extension 'ros'
[0.518s] DEBUG:colcon.colcon_core.package_identification:Package '.' with type 'ros.ament_python' and name 'webots_ros2_turtlebot'
[0.518s] Level 1:colcon.colcon_core.package_discovery:discover_packages(recursive) using defaults
[0.519s] Level 1:colcon.colcon_core.package_discovery:discover_packages(ignore) discover
[0.519s] Level 1:colcon.colcon_core.package_discovery:discover_packages(ignore) using defaults
[0.519s] Level 1:colcon.colcon_core.package_discovery:discover_packages(path) discover
[0.519s] Level 1:colcon.colcon_core.package_discovery:discover_packages(path) using defaults
[0.591s] Level 1:colcon.colcon_core.package_discovery:discover_packages(prefix_path) check parameters
[0.592s] Level 1:colcon.colcon_core.package_discovery:discover_packages(prefix_path) discover
[0.602s] DEBUG:colcon.colcon_installed_package_information.package_discovery:Found 452 installed packages in /opt/ros/jazzy
[0.606s] Level 1:colcon.colcon_core.package_discovery:discover_packages(prefix_path) using defaults
[0.658s] Level 5:colcon.colcon_core.verb:set package 'webots_ros2_turtlebot' build argument 'cmake_args' from command line to 'None'
[0.659s] Level 5:colcon.colcon_core.verb:set package 'webots_ros2_turtlebot' build argument 'cmake_target' from command line to 'None'
[0.660s] Level 5:colcon.colcon_core.verb:set package 'webots_ros2_turtlebot' build argument 'cmake_target_skip_unavailable' from command line to 'False'
[0.660s] Level 5:colcon.colcon_core.verb:set package 'webots_ros2_turtlebot' build argument 'cmake_clean_cache' from command line to 'False'
[0.660s] Level 5:colcon.colcon_core.verb:set package 'webots_ros2_turtlebot' build argument 'cmake_clean_first' from command line to 'False'
[0.661s] Level 5:colcon.colcon_core.verb:set package 'webots_ros2_turtlebot' build argument 'cmake_force_configure' from command line to 'False'
[0.661s] Level 5:colcon.colcon_core.verb:set package 'webots_ros2_turtlebot' build argument 'ament_cmake_args' from command line to 'None'
[0.662s] Level 5:colcon.colcon_core.verb:set package 'webots_ros2_turtlebot' build argument 'catkin_cmake_args' from command line to 'None'
[0.662s] Level 5:colcon.colcon_core.verb:set package 'webots_ros2_turtlebot' build argument 'catkin_skip_building_tests' from command line to 'False'
[0.663s] DEBUG:colcon.colcon_core.verb:Building package 'webots_ros2_turtlebot' with the following arguments: {'ament_cmake_args': None, 'build_base': '/mnt/c/Users/robin/Documents/WEBOTS_SHIT/webots_ws/src/webots_ros2/webots_ros2_turtlebot/build/webots_ros2_turtlebot', 'catkin_cmake_args': None, 'catkin_skip_building_tests': False, 'cmake_args': None, 'cmake_clean_cache': False, 'cmake_clean_first': False, 'cmake_force_configure': False, 'cmake_target': None, 'cmake_target_skip_unavailable': False, 'install_base': '/mnt/c/Users/robin/Documents/WEBOTS_SHIT/webots_ws/src/webots_ros2/webots_ros2_turtlebot/install/webots_ros2_turtlebot', 'merge_install': False, 'path': '/mnt/c/Users/robin/Documents/WEBOTS_SHIT/webots_ws/src/webots_ros2/webots_ros2_turtlebot', 'symlink_install': False, 'test_result_base': None}
[0.664s] INFO:colcon.colcon_core.executor:Executing jobs using 'parallel' executor
[0.665s] DEBUG:colcon.colcon_parallel_executor.executor.parallel:run_until_complete
[0.665s] INFO:colcon.colcon_ros.task.ament_python.build:Building ROS package in '/mnt/c/Users/robin/Documents/WEBOTS_SHIT/webots_ws/src/webots_ros2/webots_ros2_turtlebot' with build type 'ament_python'
[0.665s] Level 1:colcon.colcon_core.shell:create_environment_hook('webots_ros2_turtlebot', 'ament_prefix_path')
[0.672s] INFO:colcon.colcon_core.plugin_system:Skipping extension 'colcon_core.shell.bat': Not used on non-Windows systems
[0.672s] INFO:colcon.colcon_core.shell:Creating environment hook '/mnt/c/Users/robin/Documents/WEBOTS_SHIT/webots_ws/src/webots_ros2/webots_ros2_turtlebot/install/webots_ros2_turtlebot/share/webots_ros2_turtlebot/hook/ament_prefix_path.ps1'
[0.683s] INFO:colcon.colcon_core.shell:Creating environment descriptor '/mnt/c/Users/robin/Documents/WEBOTS_SHIT/webots_ws/src/webots_ros2/webots_ros2_turtlebot/install/webots_ros2_turtlebot/share/webots_ros2_turtlebot/hook/ament_prefix_path.dsv'
[0.694s] INFO:colcon.colcon_core.shell:Creating environment hook '/mnt/c/Users/robin/Documents/WEBOTS_SHIT/webots_ws/src/webots_ros2/webots_ros2_turtlebot/install/webots_ros2_turtlebot/share/webots_ros2_turtlebot/hook/ament_prefix_path.sh'
[0.705s] INFO:colcon.colcon_core.shell:Skip shell extension 'powershell' for command environment: Not usable outside of PowerShell
[0.705s] DEBUG:colcon.colcon_core.shell:Skip shell extension 'dsv' for command environment
[0.994s] INFO:colcon.colcon_core.task.python.build:Building Python package in '/mnt/c/Users/robin/Documents/WEBOTS_SHIT/webots_ws/src/webots_ros2/webots_ros2_turtlebot'
[0.994s] INFO:colcon.colcon_core.shell:Skip shell extension 'powershell' for command environment: Not usable outside of PowerShell
[0.995s] DEBUG:colcon.colcon_core.shell:Skip shell extension 'dsv' for command environment
[2.485s] DEBUG:colcon.colcon_core.event_handler.log_command:Invoking command in '/mnt/c/Users/robin/Documents/WEBOTS_SHIT/webots_ws/src/webots_ros2/webots_ros2_turtlebot': PYTHONPATH=/mnt/c/Users/robin/Documents/WEBOTS_SHIT/webots_ws/src/webots_ros2/webots_ros2_turtlebot/build/webots_ros2_turtlebot/prefix_override:/usr/lib/python3/dist-packages/colcon_core/task/python/colcon_distutils_commands:/mnt/c/Users/robin/Documents/WEBOTS_SHIT/webots_ws/src/webots_ros2/webots_ros2_turtlebot/install/webots_ros2_turtlebot/lib/python3.12/site-packages:${PYTHONPATH} /usr/bin/python3 -W ignore:setup.py install is deprecated -W ignore:easy_install command is deprecated setup.py egg_info --egg-base build/webots_ros2_turtlebot build --build-base /mnt/c/Users/robin/Documents/WEBOTS_SHIT/webots_ws/src/webots_ros2/webots_ros2_turtlebot/build/webots_ros2_turtlebot/build install --record /mnt/c/Users/robin/Documents/WEBOTS_SHIT/webots_ws/src/webots_ros2/webots_ros2_turtlebot/build/webots_ros2_turtlebot/install.log --single-version-externally-managed install_data
[4.164s] DEBUG:colcon.colcon_core.event_handler.log_command:Invoked command in '/mnt/c/Users/robin/Documents/WEBOTS_SHIT/webots_ws/src/webots_ros2/webots_ros2_turtlebot' returned '0': PYTHONPATH=/mnt/c/Users/robin/Documents/WEBOTS_SHIT/webots_ws/src/webots_ros2/webots_ros2_turtlebot/build/webots_ros2_turtlebot/prefix_override:/usr/lib/python3/dist-packages/colcon_core/task/python/colcon_distutils_commands:/mnt/c/Users/robin/Documents/WEBOTS_SHIT/webots_ws/src/webots_ros2/webots_ros2_turtlebot/install/webots_ros2_turtlebot/lib/python3.12/site-packages:${PYTHONPATH} /usr/bin/python3 -W ignore:setup.py install is deprecated -W ignore:easy_install command is deprecated setup.py egg_info --egg-base build/webots_ros2_turtlebot build --build-base /mnt/c/Users/robin/Documents/WEBOTS_SHIT/webots_ws/src/webots_ros2/webots_ros2_turtlebot/build/webots_ros2_turtlebot/build install --record /mnt/c/Users/robin/Documents/WEBOTS_SHIT/webots_ws/src/webots_ros2/webots_ros2_turtlebot/build/webots_ros2_turtlebot/install.log --single-version-externally-managed install_data
[4.177s] Level 1:colcon.colcon_core.environment:checking '/mnt/c/Users/robin/Documents/WEBOTS_SHIT/webots_ws/src/webots_ros2/webots_ros2_turtlebot/install/webots_ros2_turtlebot' for CMake module files
[4.220s] Level 1:colcon.colcon_core.environment:checking '/mnt/c/Users/robin/Documents/WEBOTS_SHIT/webots_ws/src/webots_ros2/webots_ros2_turtlebot/install/webots_ros2_turtlebot' for CMake config files
[4.303s] Level 1:colcon.colcon_core.environment:checking '/mnt/c/Users/robin/Documents/WEBOTS_SHIT/webots_ws/src/webots_ros2/webots_ros2_turtlebot/install/webots_ros2_turtlebot/lib'
[4.306s] Level 1:colcon.colcon_core.environment:checking '/mnt/c/Users/robin/Documents/WEBOTS_SHIT/webots_ws/src/webots_ros2/webots_ros2_turtlebot/install/webots_ros2_turtlebot/bin'
[4.308s] Level 1:colcon.colcon_core.environment:checking '/mnt/c/Users/robin/Documents/WEBOTS_SHIT/webots_ws/src/webots_ros2/webots_ros2_turtlebot/install/webots_ros2_turtlebot/lib/pkgconfig/webots_ros2_turtlebot.pc'
[4.310s] Level 1:colcon.colcon_core.environment:checking '/mnt/c/Users/robin/Documents/WEBOTS_SHIT/webots_ws/src/webots_ros2/webots_ros2_turtlebot/install/webots_ros2_turtlebot/lib/python3.12/site-packages'
[4.312s] Level 1:colcon.colcon_core.shell:create_environment_hook('webots_ros2_turtlebot', 'pythonpath')
[4.313s] INFO:colcon.colcon_core.shell:Creating environment hook '/mnt/c/Users/robin/Documents/WEBOTS_SHIT/webots_ws/src/webots_ros2/webots_ros2_turtlebot/install/webots_ros2_turtlebot/share/webots_ros2_turtlebot/hook/pythonpath.ps1'
[4.328s] INFO:colcon.colcon_core.shell:Creating environment descriptor '/mnt/c/Users/robin/Documents/WEBOTS_SHIT/webots_ws/src/webots_ros2/webots_ros2_turtlebot/install/webots_ros2_turtlebot/share/webots_ros2_turtlebot/hook/pythonpath.dsv'
[4.342s] INFO:colcon.colcon_core.shell:Creating environment hook '/mnt/c/Users/robin/Documents/WEBOTS_SHIT/webots_ws/src/webots_ros2/webots_ros2_turtlebot/install/webots_ros2_turtlebot/share/webots_ros2_turtlebot/hook/pythonpath.sh'
[4.355s] Level 1:colcon.colcon_core.environment:checking '/mnt/c/Users/robin/Documents/WEBOTS_SHIT/webots_ws/src/webots_ros2/webots_ros2_turtlebot/install/webots_ros2_turtlebot/bin'
[4.356s] Level 1:colcon.colcon_core.environment:create_environment_scripts_only(webots_ros2_turtlebot)
[4.357s] INFO:colcon.colcon_core.shell:Creating package script '/mnt/c/Users/robin/Documents/WEBOTS_SHIT/webots_ws/src/webots_ros2/webots_ros2_turtlebot/install/webots_ros2_turtlebot/share/webots_ros2_turtlebot/package.ps1'
[4.365s] INFO:colcon.colcon_core.shell:Creating package descriptor '/mnt/c/Users/robin/Documents/WEBOTS_SHIT/webots_ws/src/webots_ros2/webots_ros2_turtlebot/install/webots_ros2_turtlebot/share/webots_ros2_turtlebot/package.dsv'
[4.377s] INFO:colcon.colcon_core.shell:Creating package script '/mnt/c/Users/robin/Documents/WEBOTS_SHIT/webots_ws/src/webots_ros2/webots_ros2_turtlebot/install/webots_ros2_turtlebot/share/webots_ros2_turtlebot/package.sh'
[4.389s] INFO:colcon.colcon_core.shell:Creating package script '/mnt/c/Users/robin/Documents/WEBOTS_SHIT/webots_ws/src/webots_ros2/webots_ros2_turtlebot/install/webots_ros2_turtlebot/share/webots_ros2_turtlebot/package.bash'
[4.402s] INFO:colcon.colcon_core.shell:Creating package script '/mnt/c/Users/robin/Documents/WEBOTS_SHIT/webots_ws/src/webots_ros2/webots_ros2_turtlebot/install/webots_ros2_turtlebot/share/webots_ros2_turtlebot/package.zsh'
[4.414s] Level 1:colcon.colcon_core.environment:create_file_with_runtime_dependencies(/mnt/c/Users/robin/Documents/WEBOTS_SHIT/webots_ws/src/webots_ros2/webots_ros2_turtlebot/install/webots_ros2_turtlebot/share/colcon-core/packages/webots_ros2_turtlebot)
[4.425s] DEBUG:colcon.colcon_parallel_executor.executor.parallel:closing loop
[4.425s] DEBUG:colcon.colcon_parallel_executor.executor.parallel:loop closed
[4.426s] DEBUG:colcon.colcon_parallel_executor.executor.parallel:run_until_complete finished with '0'
[4.426s] DEBUG:colcon.colcon_core.event_reactor:joining thread
[4.527s] INFO:colcon.colcon_core.plugin_system:Skipping extension 'colcon_notification.desktop_notification.notify_send': Could not find 'notify-send'
[4.528s] INFO:colcon.colcon_core.plugin_system:Skipping extension 'colcon_notification.desktop_notification.terminal_notifier': Not used on non-Darwin systems
[4.528s] INFO:colcon.colcon_core.plugin_system:Skipping extension 'colcon_notification.desktop_notification.win32': Not used on non-Windows systems
[4.528s] INFO:colcon.colcon_notification.desktop_notification:Sending desktop notification using 'notify2'
[4.575s] DEBUG:colcon.colcon_notification.desktop_notification.notify2:Failed to initialize notify2: org.freedesktop.DBus.Error.ServiceUnknown: The name org.freedesktop.Notifications was not provided by any .service files
[4.576s] DEBUG:colcon.colcon_core.event_reactor:joined thread
[4.576s] INFO:colcon.colcon_core.shell:Creating prefix script '/mnt/c/Users/robin/Documents/WEBOTS_SHIT/webots_ws/src/webots_ros2/webots_ros2_turtlebot/install/local_setup.ps1'
[4.588s] INFO:colcon.colcon_core.shell:Creating prefix util module '/mnt/c/Users/robin/Documents/WEBOTS_SHIT/webots_ws/src/webots_ros2/webots_ros2_turtlebot/install/_local_setup_util_ps1.py'
[4.600s] INFO:colcon.colcon_core.shell:Creating prefix chain script '/mnt/c/Users/robin/Documents/WEBOTS_SHIT/webots_ws/src/webots_ros2/webots_ros2_turtlebot/install/setup.ps1'
[4.608s] INFO:colcon.colcon_core.shell:Creating prefix script '/mnt/c/Users/robin/Documents/WEBOTS_SHIT/webots_ws/src/webots_ros2/webots_ros2_turtlebot/install/local_setup.sh'
[4.614s] INFO:colcon.colcon_core.shell:Creating prefix util module '/mnt/c/Users/robin/Documents/WEBOTS_SHIT/webots_ws/src/webots_ros2/webots_ros2_turtlebot/install/_local_setup_util_sh.py'
[4.620s] INFO:colcon.colcon_core.shell:Creating prefix chain script '/mnt/c/Users/robin/Documents/WEBOTS_SHIT/webots_ws/src/webots_ros2/webots_ros2_turtlebot/install/setup.sh'
[4.626s] INFO:colcon.colcon_core.shell:Creating prefix script '/mnt/c/Users/robin/Documents/WEBOTS_SHIT/webots_ws/src/webots_ros2/webots_ros2_turtlebot/install/local_setup.bash'
[4.632s] INFO:colcon.colcon_core.shell:Creating prefix chain script '/mnt/c/Users/robin/Documents/WEBOTS_SHIT/webots_ws/src/webots_ros2/webots_ros2_turtlebot/install/setup.bash'
[4.639s] INFO:colcon.colcon_core.shell:Creating prefix script '/mnt/c/Users/robin/Documents/WEBOTS_SHIT/webots_ws/src/webots_ros2/webots_ros2_turtlebot/install/local_setup.zsh'
[4.647s] INFO:colcon.colcon_core.shell:Creating prefix chain script '/mnt/c/Users/robin/Documents/WEBOTS_SHIT/webots_ws/src/webots_ros2/webots_ros2_turtlebot/install/setup.zsh'
